<?xml version="1.0" encoding="UTF-8"?>
<testsuite xmlns:xsi="http://www.w3.org/2001/XMLSchema-instance" xsi:noNamespaceSchemaLocation="https://maven.apache.org/surefire/maven-surefire-plugin/xsd/surefire-test-report-3.0.xsd" version="3.0" name="com.example.library.test.CglibProxyTest" time="0.143" tests="1" errors="0" skipped="0" failures="0">
  <properties>
[...]
</properties>
  <testcase name="testCglibProxy" classname="com.example.library.test.CglibProxyTest" time="0.082">
    <system-out><![CDATA[[Permission] Checking user permission...
[CGLIB Proxy] Before method: openLibrary
LibraryAdmin: library is now open.
[Log] Method execution finished.
[Permission] Checking user permission...
[CGLIB Proxy] Before method: closeLibrary
LibraryAdmin: library is now closed.
[Log] Method execution finished.
]]></system-out>
  </testcase>
</testsuite>