<?xml version="1.0" encoding="UTF-8"?>
<testsuite xmlns:xsi="http://www.w3.org/2001/XMLSchema-instance" xsi:noNamespaceSchemaLocation="https://maven.apache.org/surefire/maven-surefire-plugin/xsd/surefire-test-report-3.0.xsd" version="3.0" name="com.example.library.LibraryServiceTest" time="4.819" tests="5" errors="0" skipped="0" failures="0">
  <properties>
[...]
</properties>
  <testcase name="testReturningOperation" classname="com.example.library.LibraryServiceTest" time="1.577">
    <system-out><![CDATA[04:30:06.793 [main] INFO org.springframework.test.context.support.AnnotationConfigContextLoaderUtils -- Could not detect default configuration classes for test class [com.example.library.LibraryServiceTest]: LibraryServiceTest does not declare any static, non-private, non-final, nested classes annotated with @Configuration.
04:30:06.949 [main] INFO org.springframework.boot.test.context.SpringBootTestContextBootstrapper -- Found @SpringBootConfiguration com.example.library.LibraryApplication for test class com.example.library.LibraryServiceTest
  .   ____          _            __ _ _
 /\\ / ___'_ __ _ _(_)_ __  __ _ \ \ \ \
( ( )\___ | '_ | '_| | '_ \/ _` | \ \ \ \
 \\/  ___)| |_)| | | | | || (_| |  ) ) ) )
  '  |____| .__|_| |_|_| |_\__, | / / / /
 =========|_|==============|___/=/_/_/_/

 :: Spring Boot ::                (v3.3.0)

2026-04-23T04:30:07.668+08:00  INFO 35996 --- [           main] com.example.library.LibraryServiceTest   : Starting LibraryServiceTest using Java 17.0.15 with PID 35996 (started by abdul in C:\Users\abdul\Desktop\java EE\library-borrowing-system)
2026-04-23T04:30:07.670+08:00  INFO 35996 --- [           main] com.example.library.LibraryServiceTest   : No active profile set, falling back to 1 default profile: "default"
2026-04-23T04:30:07.671+08:00 DEBUG 35996 --- [           main] o.s.boot.SpringApplication               : Loading source class com.example.library.LibraryApplication
2026-04-23T04:30:08.752+08:00  INFO 35996 --- [           main] com.zaxxer.hikari.HikariDataSource       : HikariPool-1 - Starting...
2026-04-23T04:30:09.208+08:00  INFO 35996 --- [           main] com.zaxxer.hikari.pool.HikariPool        : HikariPool-1 - Added connection conn0: url=jdbc:h2:mem:library_db user=SA
2026-04-23T04:30:09.213+08:00  INFO 35996 --- [           main] com.zaxxer.hikari.HikariDataSource       : HikariPool-1 - Start completed.
2026-04-23T04:30:09.675+08:00 DEBUG 35996 --- [           main] .s.b.a.l.ConditionEvaluationReportLogger : 


============================
CONDITIONS EVALUATION REPORT
============================


Positive matches:
-----------------

   AopAutoConfiguration matched:
      - @ConditionalOnProperty (spring.aop.auto=true) matched (OnPropertyCondition)

   AopAutoConfiguration.ClassProxyingConfiguration matched:
      - @ConditionalOnMissingClass did not find unwanted class 'org.aspectj.weaver.Advice' (OnClassCondition)
      - @ConditionalOnProperty (spring.aop.proxy-target-class=true) matched (OnPropertyCondition)

   ApplicationAvailabilityAutoConfiguration#applicationAvailability matched:
      - @ConditionalOnMissingBean (types: org.springframework.boot.availability.ApplicationAvailability; SearchStrategy: all) did not find any beans (OnBeanCondition)

   DataSourceAutoConfiguration matched:
      - @ConditionalOnClass found required classes 'javax.sql.DataSource', 'org.springframework.jdbc.datasource.embedded.EmbeddedDatabaseType' (OnClassCondition)
      - @ConditionalOnMissingBean (types: io.r2dbc.spi.ConnectionFactory; SearchStrategy: all) did not find any beans (OnBeanCondition)

   DataSourceAutoConfiguration.PooledDataSourceConfiguration matched:
      - AnyNestedCondition 1 matched 1 did not; NestedCondition on DataSourceAutoConfiguration.PooledDataSourceCondition.PooledDataSourceAvailable PooledDataSource found supported DataSource; NestedCondition on DataSourceAutoConfiguration.PooledDataSourceCondition.ExplicitType @ConditionalOnProperty (spring.datasource.type) did not find property 'type' (DataSourceAutoConfiguration.PooledDataSourceCondition)
      - @ConditionalOnMissingBean (types: javax.sql.DataSource,javax.sql.XADataSource; SearchStrategy: all) did not find any beans (OnBeanCondition)

   DataSourceAutoConfiguration.PooledDataSourceConfiguration#jdbcConnectionDetails matched:
      - @ConditionalOnMissingBean (types: org.springframework.boot.autoconfigure.jdbc.JdbcConnectionDetails; SearchStrategy: all) did not find any beans (OnBeanCondition)

   DataSourceConfiguration.Hikari matched:
      - @ConditionalOnClass found required class 'com.zaxxer.hikari.HikariDataSource' (OnClassCondition)
      - @ConditionalOnProperty (spring.datasource.type=com.zaxxer.hikari.HikariDataSource) matched (OnPropertyCondition)
      - @ConditionalOnMissingBean (types: javax.sql.DataSource; SearchStrategy: all) did not find any beans (OnBeanCondition)

   DataSourceInitializationConfiguration matched:
      - @ConditionalOnClass found required class 'org.springframework.jdbc.datasource.init.DatabasePopulator' (OnClassCondition)
      - @ConditionalOnSingleCandidate (types: javax.sql.DataSource; SearchStrategy: all) found a single bean 'dataSource'; @ConditionalOnMissingBean (types: org.springframework.boot.autoconfigure.sql.init.SqlDataSourceScriptDatabaseInitializer,org.springframework.boot.autoconfigure.sql.init.SqlR2dbcScriptDatabaseInitializer; SearchStrategy: all) did not find any beans (OnBeanCondition)

   DataSourcePoolMetadataProvidersConfiguration.HikariPoolDataSourceMetadataProviderConfiguration matched:
      - @ConditionalOnClass found required class 'com.zaxxer.hikari.HikariDataSource' (OnClassCondition)

   DataSourceTransactionManagerAutoConfiguration matched:
      - @ConditionalOnClass found required classes 'org.springframework.jdbc.core.JdbcTemplate', 'org.springframework.transaction.TransactionManager' (OnClassCondition)

   DataSourceTransactionManagerAutoConfiguration.JdbcTransactionManagerConfiguration matched:
      - @ConditionalOnSingleCandidate (types: javax.sql.DataSource; SearchStrategy: all) found a single bean 'dataSource' (OnBeanCondition)

   DataSourceTransactionManagerAutoConfiguration.JdbcTransactionManagerConfiguration#transactionManager matched:
      - @ConditionalOnMissingBean (types: org.springframework.transaction.TransactionManager; SearchStrategy: all) did not find any beans (OnBeanCondition)

   GenericCacheConfiguration matched:
      - Cache org.springframework.boot.autoconfigure.cache.GenericCacheConfiguration automatic cache type (CacheCondition)

   JdbcClientAutoConfiguration matched:
      - @ConditionalOnSingleCandidate (types: org.springframework.jdbc.core.namedparam.NamedParameterJdbcTemplate; SearchStrategy: all) found a single bean 'namedParameterJdbcTemplate'; @ConditionalOnMissingBean (types: org.springframework.jdbc.core.simple.JdbcClient; SearchStrategy: all) did not find any beans (OnBeanCondition)

   JdbcTemplateAutoConfiguration matched:
      - @ConditionalOnClass found required classes 'javax.sql.DataSource', 'org.springframework.jdbc.core.JdbcTemplate' (OnClassCondition)
      - @ConditionalOnSingleCandidate (types: javax.sql.DataSource; SearchStrategy: all) found a single bean 'dataSource' (OnBeanCondition)

   JdbcTemplateConfiguration matched:
      - @ConditionalOnMissingBean (types: org.springframework.jdbc.core.JdbcOperations; SearchStrategy: all) did not find any beans (OnBeanCondition)

   LifecycleAutoConfiguration#defaultLifecycleProcessor matched:
      - @ConditionalOnMissingBean (names: lifecycleProcessor; SearchStrategy: current) did not find any beans (OnBeanCondition)

   NamedParameterJdbcTemplateConfiguration matched:
      - @ConditionalOnSingleCandidate (types: org.springframework.jdbc.core.JdbcTemplate; SearchStrategy: all) found a single bean 'jdbcTemplate'; @ConditionalOnMissingBean (types: org.springframework.jdbc.core.namedparam.NamedParameterJdbcOperations; SearchStrategy: all) did not find any beans (OnBeanCondition)

   NoOpCacheConfiguration matched:
      - Cache org.springframework.boot.autoconfigure.cache.NoOpCacheConfiguration automatic cache type (CacheCondition)

   PersistenceExceptionTranslationAutoConfiguration matched:
      - @ConditionalOnClass found required class 'org.springframework.dao.annotation.PersistenceExceptionTranslationPostProcessor' (OnClassCondition)

   PersistenceExceptionTranslationAutoConfiguration#persistenceExceptionTranslationPostProcessor matched:
      - @ConditionalOnProperty (spring.dao.exceptiontranslation.enabled) matched (OnPropertyCondition)
      - @ConditionalOnMissingBean (types: org.springframework.dao.annotation.PersistenceExceptionTranslationPostProcessor; SearchStrategy: all) did not find any beans (OnBeanCondition)

   PropertyPlaceholderAutoConfiguration#propertySourcesPlaceholderConfigurer matched:
      - @ConditionalOnMissingBean (types: org.springframework.context.support.PropertySourcesPlaceholderConfigurer; SearchStrategy: current) did not find any beans (OnBeanCondition)

   SimpleCacheConfiguration matched:
      - Cache org.springframework.boot.autoconfigure.cache.SimpleCacheConfiguration automatic cache type (CacheCondition)

   SqlInitializationAutoConfiguration matched:
      - @ConditionalOnProperty (spring.sql.init.enabled) matched (OnPropertyCondition)
      - NoneNestedConditions 0 matched 1 did not; NestedCondition on SqlInitializationAutoConfiguration.SqlInitializationModeCondition.ModeIsNever @ConditionalOnProperty (spring.sql.init.mode=never) found different value in property 'mode' (SqlInitializationAutoConfiguration.SqlInitializationModeCondition)

   SslAutoConfiguration#sslBundleRegistry matched:
      - @ConditionalOnMissingBean (types: org.springframework.boot.ssl.SslBundleRegistry,org.springframework.boot.ssl.SslBundles; SearchStrategy: all) did not find any beans (OnBeanCondition)

   TaskExecutionAutoConfiguration matched:
      - @ConditionalOnClass found required class 'org.springframework.scheduling.concurrent.ThreadPoolTaskExecutor' (OnClassCondition)

   TaskExecutorConfigurations.SimpleAsyncTaskExecutorBuilderConfiguration#simpleAsyncTaskExecutorBuilder matched:
      - @ConditionalOnMissingBean (types: org.springframework.boot.task.SimpleAsyncTaskExecutorBuilder; SearchStrategy: all) did not find any beans (OnBeanCondition)
      - @ConditionalOnThreading found PLATFORM (OnThreadingCondition)

   TaskExecutorConfigurations.TaskExecutorBuilderConfiguration#taskExecutorBuilder matched:
      - @ConditionalOnMissingBean (types: org.springframework.boot.task.TaskExecutorBuilder; SearchStrategy: all) did not find any beans (OnBeanCondition)

   TaskExecutorConfigurations.TaskExecutorConfiguration matched:
      - @ConditionalOnMissingBean (types: java.util.concurrent.Executor; SearchStrategy: all) did not find any beans (OnBeanCondition)

   TaskExecutorConfigurations.TaskExecutorConfiguration#applicationTaskExecutor matched:
      - @ConditionalOnThreading found PLATFORM (OnThreadingCondition)

   TaskExecutorConfigurations.ThreadPoolTaskExecutorBuilderConfiguration#threadPoolTaskExecutorBuilder matched:
      - @ConditionalOnMissingBean (types: org.springframework.boot.task.TaskExecutorBuilder,org.springframework.boot.task.ThreadPoolTaskExecutorBuilder; SearchStrategy: all) did not find any beans (OnBeanCondition)

   TaskSchedulingAutoConfiguration matched:
      - @ConditionalOnClass found required class 'org.springframework.scheduling.concurrent.ThreadPoolTaskScheduler' (OnClassCondition)

   TaskSchedulingConfigurations.SimpleAsyncTaskSchedulerBuilderConfiguration#simpleAsyncTaskSchedulerBuilder matched:
      - @ConditionalOnMissingBean (types: org.springframework.boot.task.SimpleAsyncTaskSchedulerBuilder; SearchStrategy: all) did not find any beans (OnBeanCondition)
      - @ConditionalOnThreading found PLATFORM (OnThreadingCondition)

   TaskSchedulingConfigurations.TaskSchedulerBuilderConfiguration#taskSchedulerBuilder matched:
      - @ConditionalOnMissingBean (types: org.springframework.boot.task.TaskSchedulerBuilder; SearchStrategy: all) did not find any beans (OnBeanCondition)

   TaskSchedulingConfigurations.ThreadPoolTaskSchedulerBuilderConfiguration#threadPoolTaskSchedulerBuilder matched:
      - @ConditionalOnMissingBean (types: org.springframework.boot.task.TaskSchedulerBuilder,org.springframework.boot.task.ThreadPoolTaskSchedulerBuilder; SearchStrategy: all) did not find any beans (OnBeanCondition)

   TransactionAutoConfiguration matched:
      - @ConditionalOnClass found required class 'org.springframework.transaction.PlatformTransactionManager' (OnClassCondition)

   TransactionAutoConfiguration.EnableTransactionManagementConfiguration matched:
      - @ConditionalOnBean (types: org.springframework.transaction.TransactionManager; SearchStrategy: all) found bean 'transactionManager'; @ConditionalOnMissingBean (types: org.springframework.transaction.annotation.AbstractTransactionManagementConfiguration; SearchStrategy: all) did not find any beans (OnBeanCondition)

   TransactionAutoConfiguration.EnableTransactionManagementConfiguration.CglibAutoProxyConfiguration matched:
      - @ConditionalOnProperty (spring.aop.proxy-target-class=true) matched (OnPropertyCondition)

   TransactionAutoConfiguration.TransactionTemplateConfiguration matched:
      - @ConditionalOnSingleCandidate (types: org.springframework.transaction.PlatformTransactionManager; SearchStrategy: all) found a single bean 'transactionManager' (OnBeanCondition)

   TransactionAutoConfiguration.TransactionTemplateConfiguration#transactionTemplate matched:
      - @ConditionalOnMissingBean (types: org.springframework.transaction.support.TransactionOperations; SearchStrategy: all) did not find any beans (OnBeanCondition)

   TransactionManagerCustomizationAutoConfiguration matched:
      - @ConditionalOnClass found required class 'org.springframework.transaction.PlatformTransactionManager' (OnClassCondition)

   TransactionManagerCustomizationAutoConfiguration#platformTransactionManagerCustomizers matched:
      - @ConditionalOnMissingBean (types: org.springframework.boot.autoconfigure.transaction.TransactionManagerCustomizers; SearchStrategy: all) did not find any beans (OnBeanCondition)


Negative matches:
-----------------

   ActiveMQAutoConfiguration:
      Did not match:
         - @ConditionalOnClass did not find required class 'jakarta.jms.ConnectionFactory' (OnClassCondition)

   AopAutoConfiguration.AspectJAutoProxyingConfiguration:
      Did not match:
         - @ConditionalOnClass did not find required class 'org.aspectj.weaver.Advice' (OnClassCondition)

   ArtemisAutoConfiguration:
      Did not match:
         - @ConditionalOnClass did not find required class 'jakarta.jms.ConnectionFactory' (OnClassCondition)

   BatchAutoConfiguration:
      Did not match:
         - @ConditionalOnClass did not find required class 'org.springframework.batch.core.launch.JobLauncher' (OnClassCondition)

   Cache2kCacheConfiguration:
      Did not match:
         - @ConditionalOnClass did not find required class 'org.cache2k.Cache2kBuilder' (OnClassCondition)

   CacheAutoConfiguration:
      Did not match:
         - @ConditionalOnBean (types: org.springframework.cache.interceptor.CacheAspectSupport; SearchStrategy: all) did not find any beans of type org.springframework.cache.interceptor.CacheAspectSupport (OnBeanCondition)
      Matched:
         - @ConditionalOnClass found required class 'org.springframework.cache.CacheManager' (OnClassCondition)

   CacheAutoConfiguration.CacheManagerEntityManagerFactoryDependsOnPostProcessor:
      Did not match:
         - @ConditionalOnClass did not find required class 'org.springframework.orm.jpa.LocalContainerEntityManagerFactoryBean' (OnClassCondition)
         - Ancestor org.springframework.boot.autoconfigure.cache.CacheAutoConfiguration did not match (ConditionEvaluationReport.AncestorsMatchedCondition)

   CaffeineCacheConfiguration:
      Did not match:
         - @ConditionalOnClass did not find required class 'com.github.benmanes.caffeine.cache.Caffeine' (OnClassCondition)

   CassandraAutoConfiguration:
      Did not match:
         - @ConditionalOnClass did not find required class 'com.datastax.oss.driver.api.core.CqlSession' (OnClassCondition)

   CassandraDataAutoConfiguration:
      Did not match:
         - @ConditionalOnClass did not find required class 'com.datastax.oss.driver.api.core.CqlSession' (OnClassCondition)

   CassandraReactiveDataAutoConfiguration:
      Did not match:
         - @ConditionalOnClass did not find required class 'com.datastax.oss.driver.api.core.CqlSession' (OnClassCondition)

   CassandraReactiveRepositoriesAutoConfiguration:
      Did not match:
         - @ConditionalOnClass did not find required class 'org.springframework.data.cassandra.ReactiveSession' (OnClassCondition)

   CassandraRepositoriesAutoConfiguration:
      Did not match:
         - @ConditionalOnClass did not find required class 'com.datastax.oss.driver.api.core.CqlSession' (OnClassCondition)

   ClientHttpConnectorAutoConfiguration:
      Did not match:
         - @ConditionalOnClass did not find required class 'org.springframework.web.reactive.function.client.WebClient' (OnClassCondition)

   CodecsAutoConfiguration:
      Did not match:
         - @ConditionalOnClass did not find required class 'org.springframework.http.codec.CodecConfigurer' (OnClassCondition)

   CouchbaseAutoConfiguration:
      Did not match:
         - @ConditionalOnClass did not find required class 'com.couchbase.client.java.Cluster' (OnClassCondition)

   CouchbaseCacheConfiguration:
      Did not match:
         - @ConditionalOnClass did not find required class 'com.couchbase.client.java.Cluster' (OnClassCondition)

   CouchbaseDataAutoConfiguration:
      Did not match:
         - @ConditionalOnClass did not find required class 'com.couchbase.client.java.Bucket' (OnClassCondition)

   CouchbaseReactiveDataAutoConfiguration:
      Did not match:
         - @ConditionalOnClass did not find required class 'com.couchbase.client.java.Cluster' (OnClassCondition)

   CouchbaseReactiveRepositoriesAutoConfiguration:
      Did not match:
         - @ConditionalOnClass did not find required class 'com.couchbase.client.java.Cluster' (OnClassCondition)

   CouchbaseRepositoriesAutoConfiguration:
      Did not match:
         - @ConditionalOnClass did not find required class 'com.couchbase.client.java.Bucket' (OnClassCondition)

   DataSourceAutoConfiguration.EmbeddedDatabaseConfiguration:
      Did not match:
         - EmbeddedDataSource spring.datasource.url is set (DataSourceAutoConfiguration.EmbeddedDatabaseCondition)

   DataSourceCheckpointRestoreConfiguration:
      Did not match:
         - @ConditionalOnClass did not find required class 'org.crac.Resource' (OnClassCondition)

   DataSourceConfiguration.Dbcp2:
      Did not match:
         - @ConditionalOnClass did not find required class 'org.apache.commons.dbcp2.BasicDataSource' (OnClassCondition)

   DataSourceConfiguration.Generic:
      Did not match:
         - @ConditionalOnProperty (spring.datasource.type) did not find property 'spring.datasource.type' (OnPropertyCondition)

   DataSourceConfiguration.OracleUcp:
      Did not match:
         - @ConditionalOnClass did not find required classes 'oracle.ucp.jdbc.PoolDataSourceImpl', 'oracle.jdbc.OracleConnection' (OnClassCondition)

   DataSourceConfiguration.Tomcat:
      Did not match:
         - @ConditionalOnClass did not find required class 'org.apache.tomcat.jdbc.pool.DataSource' (OnClassCondition)

   DataSourceJmxConfiguration:
      Did not match:
         - @ConditionalOnProperty (spring.jmx.enabled=true) found different value in property 'enabled' (OnPropertyCondition)

   DataSourcePoolMetadataProvidersConfiguration.CommonsDbcp2PoolDataSourceMetadataProviderConfiguration:
      Did not match:
         - @ConditionalOnClass did not find required class 'org.apache.commons.dbcp2.BasicDataSource' (OnClassCondition)

   DataSourcePoolMetadataProvidersConfiguration.OracleUcpPoolDataSourceMetadataProviderConfiguration:
      Did not match:
         - @ConditionalOnClass did not find required classes 'oracle.ucp.jdbc.PoolDataSource', 'oracle.jdbc.OracleConnection' (OnClassCondition)

   DataSourcePoolMetadataProvidersConfiguration.TomcatDataSourcePoolMetadataProviderConfiguration:
      Did not match:
         - @ConditionalOnClass did not find required class 'org.apache.tomcat.jdbc.pool.DataSource' (OnClassCondition)

   DispatcherServletAutoConfiguration:
      Did not match:
         - @ConditionalOnClass did not find required class 'org.springframework.web.servlet.DispatcherServlet' (OnClassCondition)

   ElasticsearchClientAutoConfiguration:
      Did not match:
         - @ConditionalOnClass did not find required class 'co.elastic.clients.elasticsearch.ElasticsearchClient' (OnClassCondition)

   ElasticsearchDataAutoConfiguration:
      Did not match:
         - @ConditionalOnClass did not find required class 'org.springframework.data.elasticsearch.client.elc.ElasticsearchTemplate' (OnClassCondition)

   ElasticsearchRepositoriesAutoConfiguration:
      Did not match:
         - @ConditionalOnClass did not find required class 'org.springframework.data.elasticsearch.repository.ElasticsearchRepository' (OnClassCondition)

   ElasticsearchRestClientAutoConfiguration:
      Did not match:
         - @ConditionalOnClass did not find required class 'org.elasticsearch.client.RestClientBuilder' (OnClassCondition)

   EmbeddedLdapAutoConfiguration:
      Did not match:
         - @ConditionalOnClass did not find required class 'com.unboundid.ldap.listener.InMemoryDirectoryServer' (OnClassCondition)

   EmbeddedWebServerFactoryCustomizerAutoConfiguration:
      Did not match:
         - @ConditionalOnWebApplication did not find reactive or servlet web application classes (OnWebApplicationCondition)

   ErrorMvcAutoConfiguration:
      Did not match:
         - @ConditionalOnClass did not find required class 'jakarta.servlet.Servlet' (OnClassCondition)

   ErrorWebFluxAutoConfiguration:
      Did not match:
         - @ConditionalOnClass did not find required class 'org.springframework.web.reactive.config.WebFluxConfigurer' (OnClassCondition)

   FlywayAutoConfiguration:
      Did not match:
         - @ConditionalOnClass did not find required class 'org.flywaydb.core.Flyway' (OnClassCondition)

   FreeMarkerAutoConfiguration:
      Did not match:
         - @ConditionalOnClass did not find required class 'freemarker.template.Configuration' (OnClassCondition)

   GraphQlAutoConfiguration:
      Did not match:
         - @ConditionalOnClass did not find required class 'graphql.GraphQL' (OnClassCondition)

   GraphQlQueryByExampleAutoConfiguration:
      Did not match:
         - @ConditionalOnClass did not find required class 'graphql.GraphQL' (OnClassCondition)

   GraphQlQuerydslAutoConfiguration:
      Did not match:
         - @ConditionalOnClass did not find required class 'com.querydsl.core.Query' (OnClassCondition)

   GraphQlRSocketAutoConfiguration:
      Did not match:
         - @ConditionalOnClass did not find required class 'graphql.GraphQL' (OnClassCondition)

   GraphQlReactiveQueryByExampleAutoConfiguration:
      Did not match:
         - @ConditionalOnClass did not find required class 'graphql.GraphQL' (OnClassCondition)

   GraphQlReactiveQuerydslAutoConfiguration:
      Did not match:
         - @ConditionalOnClass did not find required class 'com.querydsl.core.Query' (OnClassCondition)

   GraphQlWebFluxAutoConfiguration:
      Did not match:
         - @ConditionalOnClass did not find required class 'graphql.GraphQL' (OnClassCondition)

   GraphQlWebFluxSecurityAutoConfiguration:
      Did not match:
         - @ConditionalOnClass did not find required class 'graphql.GraphQL' (OnClassCondition)

   GraphQlWebMvcAutoConfiguration:
      Did not match:
         - @ConditionalOnClass did not find required class 'graphql.GraphQL' (OnClassCondition)

   GraphQlWebMvcSecurityAutoConfiguration:
      Did not match:
         - @ConditionalOnClass did not find required class 'graphql.GraphQL' (OnClassCondition)

   GroovyTemplateAutoConfiguration:
      Did not match:
         - @ConditionalOnClass did not find required class 'groovy.text.markup.MarkupTemplateEngine' (OnClassCondition)

   GsonAutoConfiguration:
      Did not match:
         - @ConditionalOnClass did not find required class 'com.google.gson.Gson' (OnClassCondition)

   H2ConsoleAutoConfiguration:
      Did not match:
         - @ConditionalOnClass did not find required class 'org.h2.server.web.JakartaWebServlet' (OnClassCondition)

   HazelcastAutoConfiguration:
      Did not match:
         - @ConditionalOnClass did not find required class 'com.hazelcast.core.HazelcastInstance' (OnClassCondition)

   HazelcastCacheConfiguration:
      Did not match:
         - @ConditionalOnClass did not find required class 'com.hazelcast.core.HazelcastInstance' (OnClassCondition)

   HazelcastJpaDependencyAutoConfiguration:
      Did not match:
         - @ConditionalOnClass did not find required class 'com.hazelcast.core.HazelcastInstance' (OnClassCondition)

   HibernateJpaAutoConfiguration:
      Did not match:
         - @ConditionalOnClass did not find required class 'jakarta.persistence.EntityManager' (OnClassCondition)

   HttpEncodingAutoConfiguration:
      Did not match:
         - @ConditionalOnClass did not find required class 'org.springframework.web.filter.CharacterEncodingFilter' (OnClassCondition)

   HttpHandlerAutoConfiguration:
      Did not match:
         - @ConditionalOnClass did not find required class 'org.springframework.http.server.reactive.HttpHandler' (OnClassCondition)

   HttpMessageConvertersAutoConfiguration:
      Did not match:
         - @ConditionalOnClass did not find required class 'org.springframework.http.converter.HttpMessageConverter' (OnClassCondition)

   HypermediaAutoConfiguration:
      Did not match:
         - @ConditionalOnClass did not find required class 'org.springframework.hateoas.EntityModel' (OnClassCondition)

   InfinispanCacheConfiguration:
      Did not match:
         - @ConditionalOnClass did not find required class 'org.infinispan.spring.embedded.provider.SpringEmbeddedCacheManager' (OnClassCondition)

   InfluxDbAutoConfiguration:
      Did not match:
         - @ConditionalOnClass did not find required class 'org.influxdb.InfluxDB' (OnClassCondition)

   IntegrationAutoConfiguration:
      Did not match:
         - @ConditionalOnClass did not find required class 'org.springframework.integration.config.EnableIntegration' (OnClassCondition)

   JCacheCacheConfiguration:
      Did not match:
         - @ConditionalOnClass did not find required class 'javax.cache.Caching' (OnClassCondition)

   JacksonAutoConfiguration:
      Did not match:
         - @ConditionalOnClass did not find required class 'com.fasterxml.jackson.databind.ObjectMapper' (OnClassCondition)

   JdbcRepositoriesAutoConfiguration:
      Did not match:
         - @ConditionalOnClass did not find required class 'org.springframework.data.jdbc.repository.config.AbstractJdbcConfiguration' (OnClassCondition)

   JerseyAutoConfiguration:
      Did not match:
         - @ConditionalOnClass did not find required class 'jakarta.servlet.ServletRegistration' (OnClassCondition)

   JmsAutoConfiguration:
      Did not match:
         - @ConditionalOnClass did not find required class 'jakarta.jms.Message' (OnClassCondition)

   JmxAutoConfiguration:
      Did not match:
         - @ConditionalOnProperty (spring.jmx.enabled=true) found different value in property 'enabled' (OnPropertyCondition)
      Matched:
         - @ConditionalOnClass found required class 'org.springframework.jmx.export.MBeanExporter' (OnClassCondition)

   JndiConnectionFactoryAutoConfiguration:
      Did not match:
         - @ConditionalOnClass did not find required class 'org.springframework.jms.core.JmsTemplate' (OnClassCondition)

   JndiDataSourceAutoConfiguration:
      Did not match:
         - @ConditionalOnProperty (spring.datasource.jndi-name) did not find property 'jndi-name' (OnPropertyCondition)
      Matched:
         - @ConditionalOnClass found required classes 'javax.sql.DataSource', 'org.springframework.jdbc.datasource.embedded.EmbeddedDatabaseType' (OnClassCondition)

   JooqAutoConfiguration:
      Did not match:
         - @ConditionalOnClass did not find required class 'org.jooq.DSLContext' (OnClassCondition)

   JpaRepositoriesAutoConfiguration:
      Did not match:
         - @ConditionalOnClass did not find required class 'org.springframework.data.jpa.repository.JpaRepository' (OnClassCondition)

   JsonbAutoConfiguration:
      Did not match:
         - @ConditionalOnClass did not find required class 'jakarta.json.bind.Jsonb' (OnClassCondition)

   JtaAutoConfiguration:
      Did not match:
         - @ConditionalOnClass did not find required class 'jakarta.transaction.Transaction' (OnClassCondition)

   KafkaAutoConfiguration:
      Did not match:
         - @ConditionalOnClass did not find required class 'org.springframework.kafka.core.KafkaTemplate' (OnClassCondition)

   LdapAutoConfiguration:
      Did not match:
         - @ConditionalOnClass did not find required class 'org.springframework.ldap.core.ContextSource' (OnClassCondition)

   LdapRepositoriesAutoConfiguration:
      Did not match:
         - @ConditionalOnClass did not find required class 'org.springframework.data.ldap.repository.LdapRepository' (OnClassCondition)

   LiquibaseAutoConfiguration:
      Did not match:
         - @ConditionalOnClass did not find required class 'liquibase.change.DatabaseChange' (OnClassCondition)

   MailSenderAutoConfiguration:
      Did not match:
         - @ConditionalOnClass did not find required class 'jakarta.mail.internet.MimeMessage' (OnClassCondition)

   MailSenderValidatorAutoConfiguration:
      Did not match:
         - @ConditionalOnSingleCandidate did not find required type 'org.springframework.mail.javamail.JavaMailSenderImpl' (OnBeanCondition)

   MessageSourceAutoConfiguration:
      Did not match:
         - ResourceBundle did not find bundle with basename messages (MessageSourceAutoConfiguration.ResourceBundleCondition)

   MongoAutoConfiguration:
      Did not match:
         - @ConditionalOnClass did not find required class 'com.mongodb.client.MongoClient' (OnClassCondition)

   MongoDataAutoConfiguration:
      Did not match:
         - @ConditionalOnClass did not find required class 'com.mongodb.client.MongoClient' (OnClassCondition)

   MongoReactiveAutoConfiguration:
      Did not match:
         - @ConditionalOnClass did not find required class 'com.mongodb.reactivestreams.client.MongoClient' (OnClassCondition)

   MongoReactiveDataAutoConfiguration:
      Did not match:
         - @ConditionalOnClass did not find required class 'com.mongodb.reactivestreams.client.MongoClient' (OnClassCondition)

   MongoReactiveRepositoriesAutoConfiguration:
      Did not match:
         - @ConditionalOnClass did not find required class 'com.mongodb.reactivestreams.client.MongoClient' (OnClassCondition)

   MongoRepositoriesAutoConfiguration:
      Did not match:
         - @ConditionalOnClass did not find required class 'com.mongodb.client.MongoClient' (OnClassCondition)

   MultipartAutoConfiguration:
      Did not match:
         - @ConditionalOnClass did not find required class 'jakarta.servlet.MultipartConfigElement' (OnClassCondition)

   MustacheAutoConfiguration:
      Did not match:
         - @ConditionalOnClass did not find required class 'com.samskivert.mustache.Mustache' (OnClassCondition)

   Neo4jAutoConfiguration:
      Did not match:
         - @ConditionalOnClass did not find required class 'org.neo4j.driver.Driver' (OnClassCondition)

   Neo4jDataAutoConfiguration:
      Did not match:
         - @ConditionalOnClass did not find required class 'org.neo4j.driver.Driver' (OnClassCondition)

   Neo4jReactiveDataAutoConfiguration:
      Did not match:
         - @ConditionalOnClass did not find required class 'org.neo4j.driver.Driver' (OnClassCondition)

   Neo4jReactiveRepositoriesAutoConfiguration:
      Did not match:
         - @ConditionalOnClass did not find required class 'org.neo4j.driver.Driver' (OnClassCondition)

   Neo4jRepositoriesAutoConfiguration:
      Did not match:
         - @ConditionalOnClass did not find required class 'org.neo4j.driver.Driver' (OnClassCondition)

   NettyAutoConfiguration:
      Did not match:
         - @ConditionalOnClass did not find required class 'io.netty.util.NettyRuntime' (OnClassCondition)

   OAuth2AuthorizationServerAutoConfiguration:
      Did not match:
         - @ConditionalOnClass did not find required class 'org.springframework.security.oauth2.server.authorization.OAuth2Authorization' (OnClassCondition)

   OAuth2AuthorizationServerJwtAutoConfiguration:
      Did not match:
         - @ConditionalOnClass did not find required class 'org.springframework.security.oauth2.server.authorization.OAuth2Authorization' (OnClassCondition)

   OAuth2ClientAutoConfiguration:
      Did not match:
         - @ConditionalOnClass did not find required class 'org.springframework.security.config.annotation.web.configuration.EnableWebSecurity' (OnClassCondition)

   OAuth2ResourceServerAutoConfiguration:
      Did not match:
         - @ConditionalOnClass did not find required class 'org.springframework.security.oauth2.server.resource.authentication.BearerTokenAuthenticationToken' (OnClassCondition)

   ProjectInfoAutoConfiguration#buildProperties:
      Did not match:
         - @ConditionalOnResource did not find resource '${spring.info.build.location:classpath:META-INF/build-info.properties}' (OnResourceCondition)

   ProjectInfoAutoConfiguration#gitProperties:
      Did not match:
         - GitResource did not find git info at classpath:git.properties (ProjectInfoAutoConfiguration.GitResourceAvailableCondition)

   PulsarAutoConfiguration:
      Did not match:
         - @ConditionalOnClass did not find required class 'org.apache.pulsar.client.api.PulsarClient' (OnClassCondition)

   PulsarReactiveAutoConfiguration:
      Did not match:
         - @ConditionalOnClass did not find required class 'org.apache.pulsar.client.api.PulsarClient' (OnClassCondition)

   QuartzAutoConfiguration:
      Did not match:
         - @ConditionalOnClass did not find required class 'org.quartz.Scheduler' (OnClassCondition)

   R2dbcAutoConfiguration:
      Did not match:
         - @ConditionalOnClass did not find required class 'io.r2dbc.spi.ConnectionFactory' (OnClassCondition)

   R2dbcDataAutoConfiguration:
      Did not match:
         - @ConditionalOnClass did not find required class 'org.springframework.data.r2dbc.core.R2dbcEntityTemplate' (OnClassCondition)

   R2dbcInitializationConfiguration:
      Did not match:
         - @ConditionalOnClass did not find required classes 'io.r2dbc.spi.ConnectionFactory', 'org.springframework.r2dbc.connection.init.DatabasePopulator' (OnClassCondition)

   R2dbcRepositoriesAutoConfiguration:
      Did not match:
         - @ConditionalOnClass did not find required class 'io.r2dbc.spi.ConnectionFactory' (OnClassCondition)

   R2dbcTransactionManagerAutoConfiguration:
      Did not match:
         - @ConditionalOnClass did not find required class 'org.springframework.r2dbc.connection.R2dbcTransactionManager' (OnClassCondition)

   RSocketGraphQlClientAutoConfiguration:
      Did not match:
         - @ConditionalOnClass did not find required class 'graphql.GraphQL' (OnClassCondition)

   RSocketMessagingAutoConfiguration:
      Did not match:
         - @ConditionalOnClass did not find required class 'io.rsocket.RSocket' (OnClassCondition)

   RSocketRequesterAutoConfiguration:
      Did not match:
         - @ConditionalOnClass did not find required class 'io.rsocket.RSocket' (OnClassCondition)

   RSocketSecurityAutoConfiguration:
      Did not match:
         - @ConditionalOnClass did not find required class 'org.springframework.security.rsocket.core.SecuritySocketAcceptorInterceptor' (OnClassCondition)

   RSocketServerAutoConfiguration:
      Did not match:
         - @ConditionalOnClass did not find required class 'io.rsocket.core.RSocketServer' (OnClassCondition)

   RSocketStrategiesAutoConfiguration:
      Did not match:
         - @ConditionalOnClass did not find required class 'io.netty.buffer.PooledByteBufAllocator' (OnClassCondition)

   RabbitAutoConfiguration:
      Did not match:
         - @ConditionalOnClass did not find required class 'com.rabbitmq.client.Channel' (OnClassCondition)

   ReactiveElasticsearchClientAutoConfiguration:
      Did not match:
         - @ConditionalOnClass did not find required class 'co.elastic.clients.transport.ElasticsearchTransport' (OnClassCondition)

   ReactiveElasticsearchRepositoriesAutoConfiguration:
      Did not match:
         - @ConditionalOnClass did not find required class 'org.springframework.data.elasticsearch.client.elc.ReactiveElasticsearchClient' (OnClassCondition)

   ReactiveMultipartAutoConfiguration:
      Did not match:
         - @ConditionalOnClass did not find required class 'org.springframework.http.codec.multipart.DefaultPartHttpMessageReader' (OnClassCondition)

   ReactiveOAuth2ClientAutoConfiguration:
      Did not match:
         - @ConditionalOnClass did not find required class 'reactor.core.publisher.Flux' (OnClassCondition)

   ReactiveOAuth2ResourceServerAutoConfiguration:
      Did not match:
         - @ConditionalOnClass did not find required class 'org.springframework.security.config.annotation.web.reactive.EnableWebFluxSecurity' (OnClassCondition)

   ReactiveSecurityAutoConfiguration:
      Did not match:
         - @ConditionalOnClass did not find required class 'reactor.core.publisher.Flux' (OnClassCondition)

   ReactiveUserDetailsServiceAutoConfiguration:
      Did not match:
         - @ConditionalOnClass did not find required class 'org.springframework.security.authentication.ReactiveAuthenticationManager' (OnClassCondition)

   ReactiveWebServerFactoryAutoConfiguration:
      Did not match:
         - @ConditionalOnClass did not find required class 'org.springframework.http.ReactiveHttpInputMessage' (OnClassCondition)

   ReactorAutoConfiguration:
      Did not match:
         - @ConditionalOnClass did not find required class 'reactor.core.publisher.Hooks' (OnClassCondition)

   RedisAutoConfiguration:
      Did not match:
         - @ConditionalOnClass did not find required class 'org.springframework.data.redis.core.RedisOperations' (OnClassCondition)

   RedisCacheConfiguration:
      Did not match:
         - @ConditionalOnClass did not find required class 'org.springframework.data.redis.connection.RedisConnectionFactory' (OnClassCondition)

   RedisReactiveAutoConfiguration:
      Did not match:
         - @ConditionalOnClass did not find required class 'reactor.core.publisher.Flux' (OnClassCondition)

   RedisRepositoriesAutoConfiguration:
      Did not match:
         - @ConditionalOnClass did not find required class 'org.springframework.data.redis.repository.configuration.EnableRedisRepositories' (OnClassCondition)

   RepositoryRestMvcAutoConfiguration:
      Did not match:
         - @ConditionalOnClass did not find required class 'org.springframework.data.rest.webmvc.config.RepositoryRestMvcConfiguration' (OnClassCondition)

   RestClientAutoConfiguration:
      Did not match:
         - @ConditionalOnClass did not find required class 'org.springframework.web.client.RestClient' (OnClassCondition)

   RestTemplateAutoConfiguration:
      Did not match:
         - @ConditionalOnClass did not find required class 'org.springframework.web.client.RestTemplate' (OnClassCondition)

   Saml2RelyingPartyAutoConfiguration:
      Did not match:
         - @ConditionalOnClass did not find required class 'org.springframework.security.saml2.provider.service.registration.RelyingPartyRegistrationRepository' (OnClassCondition)

   SecurityAutoConfiguration:
      Did not match:
         - @ConditionalOnClass did not find required class 'org.springframework.security.authentication.DefaultAuthenticationEventPublisher' (OnClassCondition)

   SecurityFilterAutoConfiguration:
      Did not match:
         - @ConditionalOnClass did not find required class 'org.springframework.security.config.http.SessionCreationPolicy' (OnClassCondition)

   SendGridAutoConfiguration:
      Did not match:
         - @ConditionalOnClass did not find required class 'com.sendgrid.SendGrid' (OnClassCondition)

   ServletWebServerFactoryAutoConfiguration:
      Did not match:
         - @ConditionalOnClass did not find required class 'jakarta.servlet.ServletRequest' (OnClassCondition)

   SessionAutoConfiguration:
      Did not match:
         - @ConditionalOnClass did not find required class 'org.springframework.session.Session' (OnClassCondition)

   SpringApplicationAdminJmxAutoConfiguration:
      Did not match:
         - @ConditionalOnProperty (spring.application.admin.enabled=true) did not find property 'enabled' (OnPropertyCondition)

   SpringDataWebAutoConfiguration:
      Did not match:
         - @ConditionalOnClass did not find required class 'org.springframework.data.web.PageableHandlerMethodArgumentResolver' (OnClassCondition)

   TaskExecutorConfigurations.SimpleAsyncTaskExecutorBuilderConfiguration#simpleAsyncTaskExecutorBuilderVirtualThreads:
      Did not match:
         - @ConditionalOnMissingBean (types: org.springframework.boot.task.SimpleAsyncTaskExecutorBuilder; SearchStrategy: all) found beans of type 'org.springframework.boot.task.SimpleAsyncTaskExecutorBuilder' simpleAsyncTaskExecutorBuilder (OnBeanCondition)

   TaskExecutorConfigurations.TaskExecutorConfiguration#applicationTaskExecutorVirtualThreads:
      Did not match:
         - @ConditionalOnThreading did not find VIRTUAL (OnThreadingCondition)

   TaskSchedulingAutoConfiguration#scheduledBeanLazyInitializationExcludeFilter:
      Did not match:
         - @ConditionalOnBean (names: org.springframework.context.annotation.internalScheduledAnnotationProcessor; SearchStrategy: all) did not find any beans named org.springframework.context.annotation.internalScheduledAnnotationProcessor (OnBeanCondition)

   TaskSchedulingConfigurations.SimpleAsyncTaskSchedulerBuilderConfiguration#simpleAsyncTaskSchedulerBuilderVirtualThreads:
      Did not match:
         - @ConditionalOnMissingBean (types: org.springframework.boot.task.SimpleAsyncTaskSchedulerBuilder; SearchStrategy: all) found beans of type 'org.springframework.boot.task.SimpleAsyncTaskSchedulerBuilder' simpleAsyncTaskSchedulerBuilder (OnBeanCondition)

   TaskSchedulingConfigurations.TaskSchedulerConfiguration:
      Did not match:
         - @ConditionalOnBean (names: org.springframework.context.annotation.internalScheduledAnnotationProcessor; SearchStrategy: all) did not find any beans named org.springframework.context.annotation.internalScheduledAnnotationProcessor (OnBeanCondition)

   ThymeleafAutoConfiguration:
      Did not match:
         - @ConditionalOnClass did not find required class 'org.thymeleaf.spring6.SpringTemplateEngine' (OnClassCondition)

   TransactionAutoConfiguration#transactionalOperator:
      Did not match:
         - @ConditionalOnSingleCandidate (types: org.springframework.transaction.ReactiveTransactionManager; SearchStrategy: all) did not find any beans (OnBeanCondition)

   TransactionAutoConfiguration.AspectJTransactionManagementConfiguration:
      Did not match:
         - @ConditionalOnBean did not find required type 'org.springframework.transaction.aspectj.AbstractTransactionAspect' (OnBeanCondition)
         - @ConditionalOnBean (types: org.springframework.transaction.aspectj.AbstractTransactionAspect; SearchStrategy: all) did not find any beans of type org.springframework.transaction.aspectj.AbstractTransactionAspect (OnBeanCondition)

   TransactionAutoConfiguration.EnableTransactionManagementConfiguration.JdkDynamicAutoProxyConfiguration:
      Did not match:
         - @ConditionalOnProperty (spring.aop.proxy-target-class=false) did not find property 'proxy-target-class' (OnPropertyCondition)

   UserDetailsServiceAutoConfiguration:
      Did not match:
         - @ConditionalOnClass did not find required class 'org.springframework.security.authentication.AuthenticationManager' (OnClassCondition)

   ValidationAutoConfiguration:
      Did not match:
         - @ConditionalOnClass did not find required class 'jakarta.validation.executable.ExecutableValidator' (OnClassCondition)

   WebClientAutoConfiguration:
      Did not match:
         - @ConditionalOnClass did not find required class 'org.springframework.web.reactive.function.client.WebClient' (OnClassCondition)

   WebFluxAutoConfiguration:
      Did not match:
         - @ConditionalOnClass did not find required class 'org.springframework.web.reactive.config.WebFluxConfigurer' (OnClassCondition)

   WebMvcAutoConfiguration:
      Did not match:
         - @ConditionalOnClass did not find required class 'jakarta.servlet.Servlet' (OnClassCondition)

   WebServiceTemplateAutoConfiguration:
      Did not match:
         - @ConditionalOnClass did not find required class 'org.springframework.oxm.Marshaller' (OnClassCondition)

   WebServicesAutoConfiguration:
      Did not match:
         - @ConditionalOnClass did not find required class 'org.springframework.ws.transport.http.MessageDispatcherServlet' (OnClassCondition)

   WebSessionIdResolverAutoConfiguration:
      Did not match:
         - @ConditionalOnClass did not find required class 'reactor.core.publisher.Mono' (OnClassCondition)

   WebSocketMessagingAutoConfiguration:
      Did not match:
         - @ConditionalOnClass did not find required class 'org.springframework.web.socket.config.annotation.WebSocketMessageBrokerConfigurer' (OnClassCondition)

   WebSocketReactiveAutoConfiguration:
      Did not match:
         - @ConditionalOnClass did not find required class 'jakarta.servlet.Servlet' (OnClassCondition)

   WebSocketServletAutoConfiguration:
      Did not match:
         - @ConditionalOnClass did not find required class 'jakarta.servlet.Servlet' (OnClassCondition)

   XADataSourceAutoConfiguration:
      Did not match:
         - @ConditionalOnClass did not find required class 'jakarta.transaction.TransactionManager' (OnClassCondition)


Exclusions:
-----------

    None


Unconditional classes:
----------------------

    org.springframework.boot.autoconfigure.context.ConfigurationPropertiesAutoConfiguration

    org.springframework.boot.autoconfigure.ssl.SslAutoConfiguration

    org.springframework.boot.autoconfigure.context.LifecycleAutoConfiguration

    org.springframework.boot.autoconfigure.context.PropertyPlaceholderAutoConfiguration

    org.springframework.boot.autoconfigure.availability.ApplicationAvailabilityAutoConfiguration

    org.springframework.boot.autoconfigure.info.ProjectInfoAutoConfiguration



2026-04-23T04:30:09.685+08:00  INFO 35996 --- [           main] com.example.library.LibraryServiceTest   : Started LibraryServiceTest in 2.506 seconds (process running for 3.831)
2026-04-23T04:30:09.689+08:00 DEBUG 35996 --- [           main] o.s.b.a.ApplicationAvailabilityBean      : Application availability state LivenessState changed to CORRECT
2026-04-23T04:30:09.697+08:00 DEBUG 35996 --- [           main] o.s.b.a.ApplicationAvailabilityBean      : Application availability state ReadinessState changed to ACCEPTING_TRAFFIC
2026-04-23T04:30:11.149+08:00 DEBUG 35996 --- [           main] o.s.jdbc.core.JdbcTemplate               : Executing SQL update [DELETE FROM record]
2026-04-23T04:30:11.159+08:00 DEBUG 35996 --- [           main] o.s.jdbc.core.JdbcTemplate               : Executing SQL update [DELETE FROM book]
2026-04-23T04:30:11.162+08:00 DEBUG 35996 --- [           main] o.s.jdbc.core.JdbcTemplate               : Executing prepared SQL update
2026-04-23T04:30:11.164+08:00 DEBUG 35996 --- [           main] o.s.jdbc.core.JdbcTemplate               : Executing prepared SQL statement [INSERT INTO book(name, stock) VALUES(?, ?)]
2026-04-23T04:30:11.200+08:00 DEBUG 35996 --- [           main] o.s.jdbc.core.JdbcTemplate               : Executing prepared SQL query
2026-04-23T04:30:11.201+08:00 DEBUG 35996 --- [           main] o.s.jdbc.core.JdbcTemplate               : Executing prepared SQL statement [SELECT id, name, stock FROM book WHERE name = ?]
2026-04-23T04:30:11.229+08:00 DEBUG 35996 --- [           main] o.s.jdbc.core.BeanPropertyRowMapper      : Mapping column 'id' to property 'id' of type 'java.lang.Integer'
2026-04-23T04:30:11.230+08:00 DEBUG 35996 --- [           main] o.s.jdbc.core.BeanPropertyRowMapper      : Mapping column 'name' to property 'name' of type 'java.lang.String'
2026-04-23T04:30:11.230+08:00 DEBUG 35996 --- [           main] o.s.jdbc.core.BeanPropertyRowMapper      : Mapping column 'stock' to property 'stock' of type 'java.lang.Integer'
2026-04-23T04:30:11.231+08:00 DEBUG 35996 --- [           main] o.s.jdbc.core.JdbcTemplate               : Executing prepared SQL update
2026-04-23T04:30:11.231+08:00 DEBUG 35996 --- [           main] o.s.jdbc.core.JdbcTemplate               : Executing prepared SQL statement [UPDATE book SET stock = ? WHERE id = ?]
2026-04-23T04:30:11.238+08:00 DEBUG 35996 --- [           main] o.s.jdbc.core.JdbcTemplate               : Executing prepared SQL update
2026-04-23T04:30:11.238+08:00 DEBUG 35996 --- [           main] o.s.jdbc.core.JdbcTemplate               : Executing prepared SQL statement [INSERT INTO record(book_name, borrower, status) VALUES(?, ?, ?)]
2026-04-23T04:30:11.241+08:00 DEBUG 35996 --- [           main] o.s.jdbc.core.JdbcTemplate               : Executing prepared SQL query
2026-04-23T04:30:11.241+08:00 DEBUG 35996 --- [           main] o.s.jdbc.core.JdbcTemplate               : Executing prepared SQL statement [SELECT id, name, stock FROM book WHERE name = ?]
2026-04-23T04:30:11.242+08:00 DEBUG 35996 --- [           main] o.s.jdbc.core.BeanPropertyRowMapper      : Mapping column 'id' to property 'id' of type 'java.lang.Integer'
2026-04-23T04:30:11.242+08:00 DEBUG 35996 --- [           main] o.s.jdbc.core.BeanPropertyRowMapper      : Mapping column 'name' to property 'name' of type 'java.lang.String'
2026-04-23T04:30:11.242+08:00 DEBUG 35996 --- [           main] o.s.jdbc.core.BeanPropertyRowMapper      : Mapping column 'stock' to property 'stock' of type 'java.lang.Integer'
2026-04-23T04:30:11.243+08:00 DEBUG 35996 --- [           main] o.s.jdbc.core.JdbcTemplate               : Executing prepared SQL query
2026-04-23T04:30:11.244+08:00 DEBUG 35996 --- [           main] o.s.jdbc.core.JdbcTemplate               : Executing prepared SQL statement [SELECT id FROM record WHERE book_name = ? AND borrower = ? AND status = 'BORROWED' ORDER BY id DESC LIMIT 1]
2026-04-23T04:30:11.249+08:00 DEBUG 35996 --- [           main] o.s.jdbc.core.JdbcTemplate               : Executing prepared SQL update
2026-04-23T04:30:11.249+08:00 DEBUG 35996 --- [           main] o.s.jdbc.core.JdbcTemplate               : Executing prepared SQL statement [UPDATE book SET stock = ? WHERE id = ?]
2026-04-23T04:30:11.251+08:00 DEBUG 35996 --- [           main] o.s.jdbc.core.JdbcTemplate               : Executing prepared SQL update
2026-04-23T04:30:11.251+08:00 DEBUG 35996 --- [           main] o.s.jdbc.core.JdbcTemplate               : Executing prepared SQL statement [UPDATE record SET status = ? WHERE id = ?]
2026-04-23T04:30:11.253+08:00 DEBUG 35996 --- [           main] o.s.jdbc.core.JdbcTemplate               : Executing prepared SQL query
2026-04-23T04:30:11.253+08:00 DEBUG 35996 --- [           main] o.s.jdbc.core.JdbcTemplate               : Executing prepared SQL statement [SELECT id, name, stock FROM book WHERE name = ?]
2026-04-23T04:30:11.254+08:00 DEBUG 35996 --- [           main] o.s.jdbc.core.BeanPropertyRowMapper      : Mapping column 'id' to property 'id' of type 'java.lang.Integer'
2026-04-23T04:30:11.254+08:00 DEBUG 35996 --- [           main] o.s.jdbc.core.BeanPropertyRowMapper      : Mapping column 'name' to property 'name' of type 'java.lang.String'
2026-04-23T04:30:11.254+08:00 DEBUG 35996 --- [           main] o.s.jdbc.core.BeanPropertyRowMapper      : Mapping column 'stock' to property 'stock' of type 'java.lang.Integer'
2026-04-23T04:30:11.263+08:00 DEBUG 35996 --- [           main] o.s.jdbc.core.JdbcTemplate               : Executing SQL query [SELECT id, book_name AS bookName, borrower, status FROM record]
2026-04-23T04:30:11.266+08:00 DEBUG 35996 --- [           main] o.s.jdbc.core.BeanPropertyRowMapper      : Mapping column 'id' to property 'id' of type 'java.lang.Integer'
2026-04-23T04:30:11.267+08:00 DEBUG 35996 --- [           main] o.s.jdbc.core.BeanPropertyRowMapper      : Mapping column 'bookname' to property 'bookName' of type 'java.lang.String'
2026-04-23T04:30:11.267+08:00 DEBUG 35996 --- [           main] o.s.jdbc.core.BeanPropertyRowMapper      : Mapping column 'borrower' to property 'borrower' of type 'java.lang.String'
2026-04-23T04:30:11.267+08:00 DEBUG 35996 --- [           main] o.s.jdbc.core.BeanPropertyRowMapper      : Mapping column 'status' to property 'status' of type 'java.lang.String'
]]></system-out>
  </testcase>
  <testcase name="testReturningOneBorrowOnlyUpdatesOneRecord" classname="com.example.library.LibraryServiceTest" time="0.029">
    <system-out><![CDATA[2026-04-23T04:30:11.307+08:00 DEBUG 35996 --- [           main] o.s.jdbc.core.JdbcTemplate               : Executing SQL update [DELETE FROM record]
2026-04-23T04:30:11.307+08:00 DEBUG 35996 --- [           main] o.s.jdbc.core.JdbcTemplate               : Executing SQL update [DELETE FROM book]
2026-04-23T04:30:11.308+08:00 DEBUG 35996 --- [           main] o.s.jdbc.core.JdbcTemplate               : Executing prepared SQL update
2026-04-23T04:30:11.308+08:00 DEBUG 35996 --- [           main] o.s.jdbc.core.JdbcTemplate               : Executing prepared SQL statement [INSERT INTO book(name, stock) VALUES(?, ?)]
2026-04-23T04:30:11.310+08:00 DEBUG 35996 --- [           main] o.s.jdbc.core.JdbcTemplate               : Executing prepared SQL query
2026-04-23T04:30:11.310+08:00 DEBUG 35996 --- [           main] o.s.jdbc.core.JdbcTemplate               : Executing prepared SQL statement [SELECT id, name, stock FROM book WHERE name = ?]
2026-04-23T04:30:11.311+08:00 DEBUG 35996 --- [           main] o.s.jdbc.core.BeanPropertyRowMapper      : Mapping column 'id' to property 'id' of type 'java.lang.Integer'
2026-04-23T04:30:11.311+08:00 DEBUG 35996 --- [           main] o.s.jdbc.core.BeanPropertyRowMapper      : Mapping column 'name' to property 'name' of type 'java.lang.String'
2026-04-23T04:30:11.311+08:00 DEBUG 35996 --- [           main] o.s.jdbc.core.BeanPropertyRowMapper      : Mapping column 'stock' to property 'stock' of type 'java.lang.Integer'
2026-04-23T04:30:11.312+08:00 DEBUG 35996 --- [           main] o.s.jdbc.core.JdbcTemplate               : Executing prepared SQL update
2026-04-23T04:30:11.312+08:00 DEBUG 35996 --- [           main] o.s.jdbc.core.JdbcTemplate               : Executing prepared SQL statement [UPDATE book SET stock = ? WHERE id = ?]
2026-04-23T04:30:11.313+08:00 DEBUG 35996 --- [           main] o.s.jdbc.core.JdbcTemplate               : Executing prepared SQL update
2026-04-23T04:30:11.314+08:00 DEBUG 35996 --- [           main] o.s.jdbc.core.JdbcTemplate               : Executing prepared SQL statement [INSERT INTO record(book_name, borrower, status) VALUES(?, ?, ?)]
2026-04-23T04:30:11.315+08:00 DEBUG 35996 --- [           main] o.s.jdbc.core.JdbcTemplate               : Executing prepared SQL query
2026-04-23T04:30:11.315+08:00 DEBUG 35996 --- [           main] o.s.jdbc.core.JdbcTemplate               : Executing prepared SQL statement [SELECT id, name, stock FROM book WHERE name = ?]
2026-04-23T04:30:11.316+08:00 DEBUG 35996 --- [           main] o.s.jdbc.core.BeanPropertyRowMapper      : Mapping column 'id' to property 'id' of type 'java.lang.Integer'
2026-04-23T04:30:11.317+08:00 DEBUG 35996 --- [           main] o.s.jdbc.core.BeanPropertyRowMapper      : Mapping column 'name' to property 'name' of type 'java.lang.String'
2026-04-23T04:30:11.317+08:00 DEBUG 35996 --- [           main] o.s.jdbc.core.BeanPropertyRowMapper      : Mapping column 'stock' to property 'stock' of type 'java.lang.Integer'
2026-04-23T04:30:11.317+08:00 DEBUG 35996 --- [           main] o.s.jdbc.core.JdbcTemplate               : Executing prepared SQL update
2026-04-23T04:30:11.317+08:00 DEBUG 35996 --- [           main] o.s.jdbc.core.JdbcTemplate               : Executing prepared SQL statement [UPDATE book SET stock = ? WHERE id = ?]
2026-04-23T04:30:11.319+08:00 DEBUG 35996 --- [           main] o.s.jdbc.core.JdbcTemplate               : Executing prepared SQL update
2026-04-23T04:30:11.319+08:00 DEBUG 35996 --- [           main] o.s.jdbc.core.JdbcTemplate               : Executing prepared SQL statement [INSERT INTO record(book_name, borrower, status) VALUES(?, ?, ?)]
2026-04-23T04:30:11.320+08:00 DEBUG 35996 --- [           main] o.s.jdbc.core.JdbcTemplate               : Executing prepared SQL query
2026-04-23T04:30:11.321+08:00 DEBUG 35996 --- [           main] o.s.jdbc.core.JdbcTemplate               : Executing prepared SQL statement [SELECT id, name, stock FROM book WHERE name = ?]
2026-04-23T04:30:11.322+08:00 DEBUG 35996 --- [           main] o.s.jdbc.core.BeanPropertyRowMapper      : Mapping column 'id' to property 'id' of type 'java.lang.Integer'
2026-04-23T04:30:11.322+08:00 DEBUG 35996 --- [           main] o.s.jdbc.core.BeanPropertyRowMapper      : Mapping column 'name' to property 'name' of type 'java.lang.String'
2026-04-23T04:30:11.322+08:00 DEBUG 35996 --- [           main] o.s.jdbc.core.BeanPropertyRowMapper      : Mapping column 'stock' to property 'stock' of type 'java.lang.Integer'
2026-04-23T04:30:11.322+08:00 DEBUG 35996 --- [           main] o.s.jdbc.core.JdbcTemplate               : Executing prepared SQL query
2026-04-23T04:30:11.322+08:00 DEBUG 35996 --- [           main] o.s.jdbc.core.JdbcTemplate               : Executing prepared SQL statement [SELECT id FROM record WHERE book_name = ? AND borrower = ? AND status = 'BORROWED' ORDER BY id DESC LIMIT 1]
2026-04-23T04:30:11.324+08:00 DEBUG 35996 --- [           main] o.s.jdbc.core.JdbcTemplate               : Executing prepared SQL update
2026-04-23T04:30:11.324+08:00 DEBUG 35996 --- [           main] o.s.jdbc.core.JdbcTemplate               : Executing prepared SQL statement [UPDATE book SET stock = ? WHERE id = ?]
2026-04-23T04:30:11.324+08:00 DEBUG 35996 --- [           main] o.s.jdbc.core.JdbcTemplate               : Executing prepared SQL update
2026-04-23T04:30:11.324+08:00 DEBUG 35996 --- [           main] o.s.jdbc.core.JdbcTemplate               : Executing prepared SQL statement [UPDATE record SET status = ? WHERE id = ?]
2026-04-23T04:30:11.326+08:00 DEBUG 35996 --- [           main] o.s.jdbc.core.JdbcTemplate               : Executing prepared SQL query
2026-04-23T04:30:11.326+08:00 DEBUG 35996 --- [           main] o.s.jdbc.core.JdbcTemplate               : Executing prepared SQL statement [SELECT id, name, stock FROM book WHERE name = ?]
2026-04-23T04:30:11.326+08:00 DEBUG 35996 --- [           main] o.s.jdbc.core.BeanPropertyRowMapper      : Mapping column 'id' to property 'id' of type 'java.lang.Integer'
2026-04-23T04:30:11.326+08:00 DEBUG 35996 --- [           main] o.s.jdbc.core.BeanPropertyRowMapper      : Mapping column 'name' to property 'name' of type 'java.lang.String'
2026-04-23T04:30:11.327+08:00 DEBUG 35996 --- [           main] o.s.jdbc.core.BeanPropertyRowMapper      : Mapping column 'stock' to property 'stock' of type 'java.lang.Integer'
2026-04-23T04:30:11.327+08:00 DEBUG 35996 --- [           main] o.s.jdbc.core.JdbcTemplate               : Executing SQL query [SELECT id, book_name AS bookName, borrower, status FROM record]
2026-04-23T04:30:11.328+08:00 DEBUG 35996 --- [           main] o.s.jdbc.core.BeanPropertyRowMapper      : Mapping column 'id' to property 'id' of type 'java.lang.Integer'
2026-04-23T04:30:11.328+08:00 DEBUG 35996 --- [           main] o.s.jdbc.core.BeanPropertyRowMapper      : Mapping column 'bookname' to property 'bookName' of type 'java.lang.String'
2026-04-23T04:30:11.328+08:00 DEBUG 35996 --- [           main] o.s.jdbc.core.BeanPropertyRowMapper      : Mapping column 'borrower' to property 'borrower' of type 'java.lang.String'
2026-04-23T04:30:11.328+08:00 DEBUG 35996 --- [           main] o.s.jdbc.core.BeanPropertyRowMapper      : Mapping column 'status' to property 'status' of type 'java.lang.String'
]]></system-out>
  </testcase>
  <testcase name="testBorrowingMissingBookShouldThrowBookNotFound" classname="com.example.library.LibraryServiceTest" time="0.014">
    <system-out><![CDATA[2026-04-23T04:30:11.339+08:00 DEBUG 35996 --- [           main] o.s.jdbc.core.JdbcTemplate               : Executing SQL update [DELETE FROM record]
2026-04-23T04:30:11.340+08:00 DEBUG 35996 --- [           main] o.s.jdbc.core.JdbcTemplate               : Executing SQL update [DELETE FROM book]
2026-04-23T04:30:11.342+08:00 DEBUG 35996 --- [           main] o.s.jdbc.core.JdbcTemplate               : Executing prepared SQL update
2026-04-23T04:30:11.342+08:00 DEBUG 35996 --- [           main] o.s.jdbc.core.JdbcTemplate               : Executing prepared SQL statement [INSERT INTO book(name, stock) VALUES(?, ?)]
2026-04-23T04:30:11.347+08:00 DEBUG 35996 --- [           main] o.s.jdbc.core.JdbcTemplate               : Executing prepared SQL query
2026-04-23T04:30:11.347+08:00 DEBUG 35996 --- [           main] o.s.jdbc.core.JdbcTemplate               : Executing prepared SQL statement [SELECT id, name, stock FROM book WHERE name = ?]
]]></system-out>
  </testcase>
  <testcase name="testInsufficientStockShouldRollback" classname="com.example.library.LibraryServiceTest" time="0.013">
    <system-out><![CDATA[2026-04-23T04:30:11.356+08:00 DEBUG 35996 --- [           main] o.s.jdbc.core.JdbcTemplate               : Executing SQL update [DELETE FROM record]
2026-04-23T04:30:11.357+08:00 DEBUG 35996 --- [           main] o.s.jdbc.core.JdbcTemplate               : Executing SQL update [DELETE FROM book]
2026-04-23T04:30:11.357+08:00 DEBUG 35996 --- [           main] o.s.jdbc.core.JdbcTemplate               : Executing prepared SQL update
2026-04-23T04:30:11.357+08:00 DEBUG 35996 --- [           main] o.s.jdbc.core.JdbcTemplate               : Executing prepared SQL statement [INSERT INTO book(name, stock) VALUES(?, ?)]
2026-04-23T04:30:11.359+08:00 DEBUG 35996 --- [           main] o.s.jdbc.core.JdbcTemplate               : Executing prepared SQL query
2026-04-23T04:30:11.359+08:00 DEBUG 35996 --- [           main] o.s.jdbc.core.JdbcTemplate               : Executing prepared SQL statement [SELECT id, name, stock FROM book WHERE name = ?]
2026-04-23T04:30:11.360+08:00 DEBUG 35996 --- [           main] o.s.jdbc.core.BeanPropertyRowMapper      : Mapping column 'id' to property 'id' of type 'java.lang.Integer'
2026-04-23T04:30:11.360+08:00 DEBUG 35996 --- [           main] o.s.jdbc.core.BeanPropertyRowMapper      : Mapping column 'name' to property 'name' of type 'java.lang.String'
2026-04-23T04:30:11.360+08:00 DEBUG 35996 --- [           main] o.s.jdbc.core.BeanPropertyRowMapper      : Mapping column 'stock' to property 'stock' of type 'java.lang.Integer'
2026-04-23T04:30:11.360+08:00 DEBUG 35996 --- [           main] o.s.jdbc.core.JdbcTemplate               : Executing prepared SQL update
2026-04-23T04:30:11.360+08:00 DEBUG 35996 --- [           main] o.s.jdbc.core.JdbcTemplate               : Executing prepared SQL statement [UPDATE book SET stock = ? WHERE id = ?]
2026-04-23T04:30:11.362+08:00 DEBUG 35996 --- [           main] o.s.jdbc.core.JdbcTemplate               : Executing prepared SQL query
2026-04-23T04:30:11.362+08:00 DEBUG 35996 --- [           main] o.s.jdbc.core.JdbcTemplate               : Executing prepared SQL statement [SELECT id, name, stock FROM book WHERE name = ?]
2026-04-23T04:30:11.362+08:00 DEBUG 35996 --- [           main] o.s.jdbc.core.BeanPropertyRowMapper      : Mapping column 'id' to property 'id' of type 'java.lang.Integer'
2026-04-23T04:30:11.363+08:00 DEBUG 35996 --- [           main] o.s.jdbc.core.BeanPropertyRowMapper      : Mapping column 'name' to property 'name' of type 'java.lang.String'
2026-04-23T04:30:11.363+08:00 DEBUG 35996 --- [           main] o.s.jdbc.core.BeanPropertyRowMapper      : Mapping column 'stock' to property 'stock' of type 'java.lang.Integer'
2026-04-23T04:30:11.363+08:00 DEBUG 35996 --- [           main] o.s.jdbc.core.JdbcTemplate               : Executing prepared SQL query
2026-04-23T04:30:11.364+08:00 DEBUG 35996 --- [           main] o.s.jdbc.core.JdbcTemplate               : Executing prepared SQL statement [SELECT id, name, stock FROM book WHERE name = ?]
2026-04-23T04:30:11.364+08:00 DEBUG 35996 --- [           main] o.s.jdbc.core.BeanPropertyRowMapper      : Mapping column 'id' to property 'id' of type 'java.lang.Integer'
2026-04-23T04:30:11.364+08:00 DEBUG 35996 --- [           main] o.s.jdbc.core.BeanPropertyRowMapper      : Mapping column 'name' to property 'name' of type 'java.lang.String'
2026-04-23T04:30:11.364+08:00 DEBUG 35996 --- [           main] o.s.jdbc.core.BeanPropertyRowMapper      : Mapping column 'stock' to property 'stock' of type 'java.lang.Integer'
2026-04-23T04:30:11.364+08:00 DEBUG 35996 --- [           main] o.s.jdbc.core.JdbcTemplate               : Executing SQL query [SELECT id, book_name AS bookName, borrower, status FROM record]
]]></system-out>
  </testcase>
  <testcase name="testSuccessfulBorrowing" classname="com.example.library.LibraryServiceTest" time="0.013">
    <system-out><![CDATA[2026-04-23T04:30:11.371+08:00 DEBUG 35996 --- [           main] o.s.jdbc.core.JdbcTemplate               : Executing SQL update [DELETE FROM record]
2026-04-23T04:30:11.371+08:00 DEBUG 35996 --- [           main] o.s.jdbc.core.JdbcTemplate               : Executing SQL update [DELETE FROM book]
2026-04-23T04:30:11.372+08:00 DEBUG 35996 --- [           main] o.s.jdbc.core.JdbcTemplate               : Executing prepared SQL update
2026-04-23T04:30:11.372+08:00 DEBUG 35996 --- [           main] o.s.jdbc.core.JdbcTemplate               : Executing prepared SQL statement [INSERT INTO book(name, stock) VALUES(?, ?)]
2026-04-23T04:30:11.375+08:00 DEBUG 35996 --- [           main] o.s.jdbc.core.JdbcTemplate               : Executing prepared SQL query
2026-04-23T04:30:11.375+08:00 DEBUG 35996 --- [           main] o.s.jdbc.core.JdbcTemplate               : Executing prepared SQL statement [SELECT id, name, stock FROM book WHERE name = ?]
2026-04-23T04:30:11.375+08:00 DEBUG 35996 --- [           main] o.s.jdbc.core.BeanPropertyRowMapper      : Mapping column 'id' to property 'id' of type 'java.lang.Integer'
2026-04-23T04:30:11.376+08:00 DEBUG 35996 --- [           main] o.s.jdbc.core.BeanPropertyRowMapper      : Mapping column 'name' to property 'name' of type 'java.lang.String'
2026-04-23T04:30:11.376+08:00 DEBUG 35996 --- [           main] o.s.jdbc.core.BeanPropertyRowMapper      : Mapping column 'stock' to property 'stock' of type 'java.lang.Integer'
2026-04-23T04:30:11.376+08:00 DEBUG 35996 --- [           main] o.s.jdbc.core.JdbcTemplate               : Executing prepared SQL update
2026-04-23T04:30:11.376+08:00 DEBUG 35996 --- [           main] o.s.jdbc.core.JdbcTemplate               : Executing prepared SQL statement [UPDATE book SET stock = ? WHERE id = ?]
2026-04-23T04:30:11.377+08:00 DEBUG 35996 --- [           main] o.s.jdbc.core.JdbcTemplate               : Executing prepared SQL update
2026-04-23T04:30:11.377+08:00 DEBUG 35996 --- [           main] o.s.jdbc.core.JdbcTemplate               : Executing prepared SQL statement [INSERT INTO record(book_name, borrower, status) VALUES(?, ?, ?)]
2026-04-23T04:30:11.378+08:00 DEBUG 35996 --- [           main] o.s.jdbc.core.JdbcTemplate               : Executing prepared SQL query
2026-04-23T04:30:11.378+08:00 DEBUG 35996 --- [           main] o.s.jdbc.core.JdbcTemplate               : Executing prepared SQL statement [SELECT id, name, stock FROM book WHERE name = ?]
2026-04-23T04:30:11.378+08:00 DEBUG 35996 --- [           main] o.s.jdbc.core.BeanPropertyRowMapper      : Mapping column 'id' to property 'id' of type 'java.lang.Integer'
2026-04-23T04:30:11.380+08:00 DEBUG 35996 --- [           main] o.s.jdbc.core.BeanPropertyRowMapper      : Mapping column 'name' to property 'name' of type 'java.lang.String'
2026-04-23T04:30:11.380+08:00 DEBUG 35996 --- [           main] o.s.jdbc.core.BeanPropertyRowMapper      : Mapping column 'stock' to property 'stock' of type 'java.lang.Integer'
2026-04-23T04:30:11.380+08:00 DEBUG 35996 --- [           main] o.s.jdbc.core.JdbcTemplate               : Executing SQL query [SELECT id, book_name AS bookName, borrower, status FROM record]
2026-04-23T04:30:11.380+08:00 DEBUG 35996 --- [           main] o.s.jdbc.core.BeanPropertyRowMapper      : Mapping column 'id' to property 'id' of type 'java.lang.Integer'
2026-04-23T04:30:11.380+08:00 DEBUG 35996 --- [           main] o.s.jdbc.core.BeanPropertyRowMapper      : Mapping column 'bookname' to property 'bookName' of type 'java.lang.String'
2026-04-23T04:30:11.380+08:00 DEBUG 35996 --- [           main] o.s.jdbc.core.BeanPropertyRowMapper      : Mapping column 'borrower' to property 'borrower' of type 'java.lang.String'
2026-04-23T04:30:11.380+08:00 DEBUG 35996 --- [           main] o.s.jdbc.core.BeanPropertyRowMapper      : Mapping column 'status' to property 'status' of type 'java.lang.String'
]]></system-out>
  </testcase>
</testsuite>