<?xml version="1.0" encoding="UTF-8"?>
<testsuite xmlns:xsi="http://www.w3.org/2001/XMLSchema-instance" xsi:noNamespaceSchemaLocation="https://maven.apache.org/surefire/maven-surefire-plugin/xsd/surefire-test-report-3.0.xsd" version="3.0" name="com.example.library.LibraryServiceTest" time="3.404" tests="3" errors="0" skipped="0" failures="0">
  <properties>
[...]
</properties>
  <testcase name="testSuccessfulBorrowing" classname="com.example.library.LibraryServiceTest" time="1.391">
    <system-out><![CDATA[============================================================
 Library Borrowing Management System - Integration Test Run 
============================================================

[TEST 1] Borrow book successfully
  GIVEN : book='Spring in Action', stock=2
  WHEN  : borrower='Abdul' borrows the book
  THEN  : stock changed 2 -> 1
  THEN  : record inserted [book=Spring in Action, borrower=Abdul, status=BORROWED]
  RESULT: PASS
]]></system-out>
  </testcase>
  <testcase name="testInsufficientStock" classname="com.example.library.LibraryServiceTest" time="0.028">
    <system-out><![CDATA[
[TEST 2] Borrow blocked when stock is zero
  GIVEN : book='Spring in Action', stock=0
  WHEN  : borrower='Ali' tries to borrow the book
  THEN  : exception = 'Insufficient stock'
  THEN  : stock remains 0
  THEN  : no new borrow record inserted
  RESULT: PASS
]]></system-out>
  </testcase>
  <testcase name="testReturningOperation" classname="com.example.library.LibraryServiceTest" time="0.027">
    <system-out><![CDATA[
[TEST 3] Return borrowed book successfully
  GIVEN : book='Spring in Action', stock=2
  WHEN  : borrower='Sara' borrows then returns the book
  THEN  : stock changed 2 -> 1 -> 2
  THEN  : record status changed BORROWED -> RETURNED
  RESULT: PASS
]]></system-out>
  </testcase>
</testsuite>